<?xml version="1.0" encoding="UTF-8"?>
<!-- Generated by org.testng.reporters.JUnitXMLReporter -->
<testsuite ignored="0" hostname="DESKTOP-1AJ3MOM" failures="3" tests="5" name="Test" time="212.341" errors="0" timestamp="2022-11-14T12:15:21 IST">
  <testcase classname="com.SdetBanking.TestCases.TC_LoginTest_DDT_002" name="loginTest" time="74.033"/>
  <testcase classname="com.SdetBanking.TestCases.TC_LoginTest_DDT_002" name="loginTest" time="15.408">
    <failure type="java.lang.AssertionError" message="expected [true] but found [false]">
      <![CDATA[java.lang.AssertionError: expected [true] but found [false]
at com.SdetBanking.TestCases.TC_LoginTest_DDT_002.loginTest(TC_LoginTest_DDT_002.java:32)
at java.base/java.util.ArrayList.forEach(ArrayList.java:1541)
... Removed 35 stack frames]]>
    </failure>
  </testcase> <!-- loginTest -->
  <testcase classname="com.SdetBanking.TestCases.TC_LoginTest_DDT_002" name="loginTest" time="26.488">
    <failure type="java.lang.AssertionError" message="expected [true] but found [false]">
      <![CDATA[java.lang.AssertionError: expected [true] but found [false]
at com.SdetBanking.TestCases.TC_LoginTest_DDT_002.loginTest(TC_LoginTest_DDT_002.java:32)
at java.base/java.util.ArrayList.forEach(ArrayList.java:1541)
... Removed 35 stack frames]]>
    </failure>
  </testcase> <!-- loginTest -->
  <testcase classname="com.SdetBanking.TestCases.TC_LoginTest_DDT_002" name="loginTest" time="35.127"/>
  <testcase classname="com.SdetBanking.TestCases.TC_LoginTest_DDT_002" name="loginTest" time="16.79">
    <failure type="java.lang.AssertionError" message="expected [true] but found [false]">
      <![CDATA[java.lang.AssertionError: expected [true] but found [false]
at com.SdetBanking.TestCases.TC_LoginTest_DDT_002.loginTest(TC_LoginTest_DDT_002.java:32)
at java.base/java.util.ArrayList.forEach(ArrayList.java:1541)
... Removed 35 stack frames]]>
    </failure>
  </testcase> <!-- loginTest -->
</testsuite> <!-- Test -->
